<?xml version="1.0" encoding="UTF-8"?>
<!-- Generated by org.testng.reporters.JUnitReportReporter -->
<testsuite skipped="0" hostname="Admin-PC" name="com.actitime.test.login.LoginTest" tests="7" failures="0" timestamp="25 Sep 2018 16:49:56 GMT" time="27.665" errors="0">
  <testcase name="tc_02" time="3.367" classname="com.actitime.test.login.LoginTest"/>
  <testcase name="tc_01" time="9.787" classname="com.actitime.test.login.LoginTest"/>
  <testcase name="tc_03" time="3.101" classname="com.actitime.test.login.LoginTest"/>
  <testcase name="tc_06" time="2.842" classname="com.actitime.test.login.LoginTest"/>
  <testcase name="tc_07" time="2.602" classname="com.actitime.test.login.LoginTest"/>
  <testcase name="tc_04" time="3.062" classname="com.actitime.test.login.LoginTest"/>
  <testcase name="tc_05" time="2.904" classname="com.actitime.test.login.LoginTest"/>
</testsuite> <!-- com.actitime.test.login.LoginTest -->
